[    0.000000] Linux version 4.15.0-169-generic (buildd@lcy02-amd64-015) (gcc version 7.5.0 (Ubuntu 7.5.0-3ubuntu1~18.04)) #177-Ubuntu SMP Thu Feb 3 10:50:38 UTC 2022 (Ubuntu 4.15.0-169.177-generic 4.15.18)
[    0.000000] Command line: BOOT_IMAGE=/boot/vmlinuz-4.15.0-169-generic root=LABEL=cloudimg-rootfs ro console=tty1 console=ttyS0
[    0.000000] KERNEL supported cpus:
[    0.000000]   Intel GenuineIntel
[    0.000000]   AMD AuthenticAMD
[    0.000000]   Centaur CentaurHauls
[    0.000000] x86/fpu: Supporting XSAVE feature 0x001: 'x87 floating point registers'
[    0.000000] x86/fpu: Supporting XSAVE feature 0x002: 'SSE registers'
[    0.000000] x86/fpu: Supporting XSAVE feature 0x004: 'AVX registers'
[    0.000000] x86/fpu: xstate_offset[2]:  576, xstate_sizes[2]:  256
[    0.000000] x86/fpu: Enabled xstate features 0x7, context size is 832 bytes, using 'standard' format.
[    0.000000] e820: BIOS-provided physical RAM map:
[    0.000000] BIOS-e820: [mem 0x0000000000000000-0x000000000009fbff] usable
[    0.000000] BIOS-e820: [mem 0x000000000009fc00-0x000000000009ffff] reserved
[    0.000000] BIOS-e820: [mem 0x00000000000f0000-0x00000000000fffff] reserved
[    0.000000] BIOS-e820: [mem 0x0000000000100000-0x000000003ffeffff] usable
[    0.000000] BIOS-e820: [mem 0x000000003fff0000-0x000000003fffffff] ACPI data
[    0.000000] BIOS-e820: [mem 0x00000000fec00000-0x00000000fec00fff] reserved
[    0.000000] BIOS-e820: [mem 0x00000000fee00000-0x00000000fee00fff] reserved
[    0.000000] BIOS-e820: [mem 0x00000000fffc0000-0x00000000ffffffff] reserved
[    0.000000] NX (Execute Disable) protection: active
[    0.000000] SMBIOS 2.5 present.
[    0.000000] DMI: innotek GmbH VirtualBox/VirtualBox, BIOS VirtualBox 12/01/2006
[    0.000000] Hypervisor detected: KVM
[    0.000000] e820: last_pfn = 0x3fff0 max_arch_pfn = 0x400000000
[    0.000000] MTRR: Disabled
[    0.000000] x86/PAT: MTRRs disabled, skipping PAT initialization too.
[    0.000000] CPU MTRRs all blank - virtualized system.
[    0.000000] x86/PAT: Configuration [0-7]: WB  WT  UC- UC  WB  WT  UC- UC  
[    0.000000] found SMP MP-table at [mem 0x0009fff0-0x0009ffff]
[    0.000000] Scanning 1 areas for low memory corruption
[    0.000000] RAMDISK: [mem 0x359cb000-0x36cdcfff]
[    0.000000] ACPI: Early table checksum verification disabled
[    0.000000] ACPI: RSDP 0x00000000000E0000 000024 (v02 VBOX  )
[    0.000000] ACPI: XSDT 0x000000003FFF0030 00003C (v01 VBOX   VBOXXSDT 00000001 ASL  00000061)
[    0.000000] ACPI: FACP 0x000000003FFF00F0 0000F4 (v04 VBOX   VBOXFACP 00000001 ASL  00000061)
[    0.000000] ACPI: DSDT 0x000000003FFF0470 002325 (v02 VBOX   VBOXBIOS 00000002 INTL 20190509)
[    0.000000] ACPI: FACS 0x000000003FFF0200 000040
[    0.000000] ACPI: FACS 0x000000003FFF0200 000040
[    0.000000] ACPI: APIC 0x000000003FFF0240 00005C (v02 VBOX   VBOXAPIC 00000001 ASL  00000061)
[    0.000000] ACPI: SSDT 0x000000003FFF02A0 0001CC (v01 VBOX   VBOXCPUT 00000002 INTL 20190509)
[    0.000000] ACPI: Reserving FACP table memory at [mem 0x3fff00f0-0x3fff01e3]
[    0.000000] ACPI: Reserving DSDT table memory at [mem 0x3fff0470-0x3fff2794]
[    0.000000] ACPI: Reserving FACS table memory at [mem 0x3fff0200-0x3fff023f]
[    0.000000] ACPI: Reserving FACS table memory at [mem 0x3fff0200-0x3fff023f]
[    0.000000] ACPI: Reserving APIC table memory at [mem 0x3fff0240-0x3fff029b]
[    0.000000] ACPI: Reserving SSDT table memory at [mem 0x3fff02a0-0x3fff046b]
[    0.000000] No NUMA configuration found
[    0.000000] Faking a node at [mem 0x0000000000000000-0x000000003ffeffff]
[    0.000000] NODE_DATA(0) allocated [mem 0x3ffc5000-0x3ffeffff]
[    0.000000] kvm-clock: cpu 0, msr 0:3ff44001, primary cpu clock
[    0.000000] kvm-clock: Using msrs 4b564d01 and 4b564d00
[    0.000000] kvm-clock: using sched offset of 3879918811 cycles
[    0.000000] clocksource: kvm-clock: mask: 0xffffffffffffffff max_cycles: 0x1cd42e4dffb, max_idle_ns: 881590591483 ns
[    0.000000] Zone ranges:
[    0.000000]   DMA      [mem 0x0000000000001000-0x0000000000ffffff]
[    0.000000]   DMA32    [mem 0x0000000001000000-0x000000003ffeffff]
[    0.000000]   Normal   empty
[    0.000000]   Device   empty
[    0.000000] Movable zone start for each node
[    0.000000] Early memory node ranges
[    0.000000]   node   0: [mem 0x0000000000001000-0x000000000009efff]
[    0.000000]   node   0: [mem 0x0000000000100000-0x000000003ffeffff]
[    0.000000] Reserved but unavailable: 104 pages
[    0.000000] Initmem setup node 0 [mem 0x0000000000001000-0x000000003ffeffff]
[    0.000000] ACPI: PM-Timer IO Port: 0x4008
[    0.000000] IOAPIC[0]: apic_id 2, version 32, address 0xfec00000, GSI 0-23
[    0.000000] ACPI: INT_SRC_OVR (bus 0 bus_irq 0 global_irq 2 dfl dfl)
[    0.000000] ACPI: INT_SRC_OVR (bus 0 bus_irq 9 global_irq 9 low level)
[    0.000000] Using ACPI (MADT) for SMP configuration information
[    0.000000] smpboot: Allowing 2 CPUs, 0 hotplug CPUs
[    0.000000] PM: Registered nosave memory: [mem 0x00000000-0x00000fff]
[    0.000000] PM: Registered nosave memory: [mem 0x0009f000-0x0009ffff]
[    0.000000] PM: Registered nosave memory: [mem 0x000a0000-0x000effff]
[    0.000000] PM: Registered nosave memory: [mem 0x000f0000-0x000fffff]
[    0.000000] e820: [mem 0x40000000-0xfebfffff] available for PCI devices
[    0.000000] Booting paravirtualized kernel on KVM
[    0.000000] clocksource: refined-jiffies: mask: 0xffffffff max_cycles: 0xffffffff, max_idle_ns: 7645519600211568 ns
[    0.000000] random: get_random_bytes called from start_kernel+0x99/0x500 with crng_init=0
[    0.000000] setup_percpu: NR_CPUS:8192 nr_cpumask_bits:2 nr_cpu_ids:2 nr_node_ids:1
[    0.000000] percpu: Embedded 50 pages/cpu s167936 r8192 d28672 u1048576
[    0.000000] PV qspinlock hash table entries: 256 (order: 0, 4096 bytes)
[    0.000000] Built 1 zonelists, mobility grouping on.  Total pages: 257913
[    0.000000] Policy zone: DMA32
[    0.000000] Kernel command line: BOOT_IMAGE=/boot/vmlinuz-4.15.0-169-generic root=LABEL=cloudimg-rootfs ro console=tty1 console=ttyS0
[    0.000000] Memory: 982640K/1048120K available (12300K kernel code, 2483K rwdata, 4324K rodata, 2476K init, 2724K bss, 65480K reserved, 0K cma-reserved)
[    0.000000] SLUB: HWalign=64, Order=0-3, MinObjects=0, CPUs=2, Nodes=1
[    0.000000] Kernel/User page tables isolation: enabled
[    0.000000] ftrace: allocating 39500 entries in 155 pages
[    0.004000] Hierarchical RCU implementation.
[    0.004000] 	RCU restricting CPUs from NR_CPUS=8192 to nr_cpu_ids=2.
[    0.004000] 	Tasks RCU enabled.
[    0.004000] RCU: Adjusting geometry for rcu_fanout_leaf=16, nr_cpu_ids=2
[    0.004000] NR_IRQS: 524544, nr_irqs: 440, preallocated irqs: 16
[    0.004000] Console: colour VGA+ 80x25
[    0.004000] console [tty1] enabled
[    0.004000] console [ttyS0] enabled
[    0.004000] ACPI: Core revision 20170831
[    0.004000] ACPI: 2 ACPI AML tables successfully acquired and loaded
[    0.004000] APIC: Switch to symmetric I/O mode setup
[    0.004000] x2apic enabled
[    0.004000] Switched APIC routing to physical x2apic.
[    0.005994] ..TIMER: vector=0x30 apic1=0 pin1=2 apic2=-1 pin2=-1
[    0.008006] tsc: Detected 2394.558 MHz processor
[    0.009530] Calibrating delay loop (skipped) preset value.. 4789.11 BogoMIPS (lpj=9578232)
[    0.012006] pid_max: default: 32768 minimum: 301
[    0.013419] Security Framework initialized
[    0.016008] Yama: becoming mindful.
[    0.017380] AppArmor: AppArmor initialized
[    0.020063] Dentry cache hash table entries: 131072 (order: 8, 1048576 bytes)
[    0.022452] Inode-cache hash table entries: 65536 (order: 7, 524288 bytes)
[    0.024023] Mount-cache hash table entries: 2048 (order: 2, 16384 bytes)
[    0.026490] Mountpoint-cache hash table entries: 2048 (order: 2, 16384 bytes)
[    0.028364] Last level iTLB entries: 4KB 512, 2MB 8, 4MB 8
[    0.029966] Last level dTLB entries: 4KB 512, 2MB 32, 4MB 32, 1GB 0
[    0.032006] Spectre V1 : Mitigation: usercopy/swapgs barriers and __user pointer sanitization
[    0.036005] Spectre V2 : Mitigation: Full generic retpoline
[    0.037738] Spectre V2 : Spectre v2 / SpectreRSB mitigation: Filling RSB on context switch
[    0.040004] Speculative Store Bypass: Vulnerable
[    0.041683] MDS: Mitigation: Clear CPU buffers
[    0.044215] Freeing SMP alternatives memory: 36K
[    0.156616] smpboot: CPU0: Intel(R) Core(TM) i3-3110M CPU @ 2.40GHz (family: 0x6, model: 0x3a, stepping: 0x9)
[    0.160000] Performance Events: unsupported p6 CPU model 58 no PMU driver, software events only.
[    0.160123] Hierarchical SRCU implementation.
[    0.165068] NMI watchdog: Perf event create on CPU 0 failed with -2
[    0.168009] NMI watchdog: Perf NMI watchdog permanently disabled
[    0.170015] smp: Bringing up secondary CPUs ...
[    0.172144] x86: Booting SMP configuration:
[    0.173533] .... node  #0, CPUs:      #1
[    0.004000] kvm-clock: cpu 1, msr 0:3ff44041, secondary cpu clock
[    0.179211] smp: Brought up 1 node, 2 CPUs
[    0.180008] smpboot: Max logical packages: 1
[    0.181388] smpboot: Total of 2 processors activated (9578.23 BogoMIPS)
[    0.184195] devtmpfs: initialized
[    0.185260] x86/mm: Memory block size: 128MB
[    0.186815] evm: security.selinux
[    0.188005] evm: security.SMACK64
[    0.189087] evm: security.SMACK64EXEC
[    0.190333] evm: security.SMACK64TRANSMUTE
[    0.192005] evm: security.SMACK64MMAP
[    0.193139] evm: security.apparmor
[    0.194151] evm: security.ima
[    0.194982] evm: security.capability
[    0.196145] clocksource: jiffies: mask: 0xffffffff max_cycles: 0xffffffff, max_idle_ns: 7645041785100000 ns
[    0.198713] futex hash table entries: 512 (order: 3, 32768 bytes)
[    0.200066] pinctrl core: initialized pinctrl subsystem
[    0.202643] RTC time: 11:21:34, date: 03/11/22
[    0.204254] NET: Registered protocol family 16
[    0.205788] audit: initializing netlink subsys (disabled)
[    0.208050] audit: type=2000 audit(1646997699.678:1): state=initialized audit_enabled=0 res=1
[    0.210526] cpuidle: using governor ladder
[    0.212021] cpuidle: using governor menu
[    0.213380] ACPI: bus type PCI registered
[    0.214693] acpiphp: ACPI Hot Plug PCI Controller Driver version: 0.5
[    0.216134] PCI: Using configuration type 1 for base access
[    0.220568] HugeTLB registered 2.00 MiB page size, pre-allocated 0 pages
[    0.224128] ACPI: Added _OSI(Module Device)
[    0.225655] ACPI: Added _OSI(Processor Device)
[    0.227076] ACPI: Added _OSI(3.0 _SCP Extensions)
[    0.228014] ACPI: Added _OSI(Processor Aggregator Device)
[    0.229756] ACPI: Added _OSI(Linux-Dell-Video)
[    0.232012] ACPI: Added _OSI(Linux-Lenovo-NV-HDMI-Audio)
[    0.233767] ACPI: Added _OSI(Linux-HPI-Hybrid-Graphics)
[    0.236155] ACPI: Executed 1 blocks of module-level executable AML code
[    0.242334] ACPI: Interpreter enabled
[    0.243446] ACPI: (supports S0 S5)
[    0.244004] ACPI: Using IOAPIC for interrupt routing
[    0.245745] PCI: Using host bridge windows from ACPI; if necessary, use "pci=nocrs" and report a bug
[    0.248225] ACPI: Enabled 2 GPEs in block 00 to 07
[    0.258752] ACPI: PCI Root Bridge [PCI0] (domain 0000 [bus 00-ff])
[    0.260013] acpi PNP0A03:00: _OSC: OS supports [ASPM ClockPM Segments MSI]
[    0.262927] acpi PNP0A03:00: _OSC: not requesting OS control; OS requires [ExtendedConfig ASPM ClockPM MSI]
[    0.264020] acpi PNP0A03:00: fail to add MMCONFIG information, can't access extended PCI configuration space under this bridge.
[    0.268560] PCI host bridge to bus 0000:00
[    0.269921] pci_bus 0000:00: root bus resource [io  0x0000-0x0cf7 window]
[    0.272006] pci_bus 0000:00: root bus resource [io  0x0d00-0xffff window]
[    0.276008] pci_bus 0000:00: root bus resource [mem 0x000a0000-0x000bffff window]
[    0.278441] pci_bus 0000:00: root bus resource [mem 0x40000000-0xfdffffff window]
[    0.280007] pci_bus 0000:00: root bus resource [bus 00-ff]
[    0.286361] pci 0000:00:01.1: legacy IDE quirk: reg 0x10: [io  0x01f0-0x01f7]
[    0.288005] pci 0000:00:01.1: legacy IDE quirk: reg 0x14: [io  0x03f6]
[    0.290058] pci 0000:00:01.1: legacy IDE quirk: reg 0x18: [io  0x0170-0x0177]
[    0.292005] pci 0000:00:01.1: legacy IDE quirk: reg 0x1c: [io  0x0376]
[    0.318294] pci 0000:00:07.0: quirk: [io  0x4000-0x403f] claimed by PIIX4 ACPI
[    0.320022] pci 0000:00:07.0: quirk: [io  0x4100-0x410f] claimed by PIIX4 SMB
[    0.340973] ACPI: PCI Interrupt Link [LNKA] (IRQs 5 9 10 *11)
[    0.343443] ACPI: PCI Interrupt Link [LNKB] (IRQs 5 9 *10 11)
[    0.344171] ACPI: PCI Interrupt Link [LNKC] (IRQs 5 *9 10 11)
[    0.346278] ACPI: PCI Interrupt Link [LNKD] (IRQs 5 9 10 *11)
[    0.348553] SCSI subsystem initialized
[    0.349977] pci 0000:00:02.0: vgaarb: setting as boot VGA device
[    0.349977] pci 0000:00:02.0: vgaarb: VGA device added: decodes=io+mem,owns=io+mem,locks=none
[    0.352019] pci 0000:00:02.0: vgaarb: bridge control possible
[    0.353838] vgaarb: loaded
[    0.354881] ACPI: bus type USB registered
[    0.356035] usbcore: registered new interface driver usbfs
[    0.357712] usbcore: registered new interface driver hub
[    0.359231] usbcore: registered new device driver usb
[    0.360080] EDAC MC: Ver: 3.0.0
[    0.361522] PCI: Using ACPI for IRQ routing
[    0.364371] NetLabel: Initializing
[    0.365462] NetLabel:  domain hash size = 128
[    0.366811] NetLabel:  protocols = UNLABELED CIPSOv4 CALIPSO
[    0.368023] NetLabel:  unlabeled traffic allowed by default
[    0.369901] clocksource: Switched to clocksource kvm-clock
[    0.385192] VFS: Disk quotas dquot_6.6.0
[    0.386520] VFS: Dquot-cache hash table entries: 512 (order 0, 4096 bytes)
[    0.388673] AppArmor: AppArmor Filesystem Enabled
[    0.390334] pnp: PnP ACPI init
[    0.392845] pnp: PnP ACPI: found 3 devices
[    0.404194] clocksource: acpi_pm: mask: 0xffffff max_cycles: 0xffffff, max_idle_ns: 2085701024 ns
[    0.407222] NET: Registered protocol family 2
[    0.408819] IP idents hash table entries: 16384 (order: 5, 131072 bytes)
[    0.412315] TCP established hash table entries: 8192 (order: 4, 65536 bytes)
[    0.414707] TCP bind hash table entries: 8192 (order: 5, 131072 bytes)
[    0.416883] TCP: Hash tables configured (established 8192 bind 8192)
[    0.419017] UDP hash table entries: 512 (order: 2, 16384 bytes)
[    0.421019] UDP-Lite hash table entries: 512 (order: 2, 16384 bytes)
[    0.423234] NET: Registered protocol family 1
[    0.424790] pci 0000:00:00.0: Limiting direct PCI/PCI transfers
[    0.426798] pci 0000:00:01.0: Activating ISA DMA hang workarounds
[    0.428901] pci 0000:00:02.0: Video device with shadowed ROM at [mem 0x000c0000-0x000dffff]
[    0.431799] Unpacking initramfs...
[    0.795912] Freeing initrd memory: 19528K
[    0.797677] clocksource: tsc: mask: 0xffffffffffffffff max_cycles: 0x2284227c47e, max_idle_ns: 440795245431 ns
[    0.801133] platform rtc_cmos: registered platform RTC device (no PNP device found)
[    0.803648] Scanning for low memory corruption every 60 seconds
[    0.806728] Initialise system trusted keyrings
[    0.808146] Key type blacklist registered
[    0.809876] workingset: timestamp_bits=36 max_order=18 bucket_order=0
[    0.814012] zbud: loaded
[    0.815647] squashfs: version 4.0 (2009/01/31) Phillip Lougher
[    0.818126] fuse init (API version 7.26)
[    0.822542] Key type asymmetric registered
[    0.824267] Asymmetric key parser 'x509' registered
[    0.826252] Block layer SCSI generic (bsg) driver version 0.4 loaded (major 246)
[    0.829538] io scheduler noop registered
[    0.831654] io scheduler deadline registered
[    0.840274] io scheduler cfq registered (default)
[    0.843301] ACPI: AC Adapter [AC] (on-line)
[    0.847674] input: Power Button as /devices/LNXSYSTM:00/LNXPWRBN:00/input/input0
[    0.852664] ACPI: Power Button [PWRF]
[    0.855994] input: Sleep Button as /devices/LNXSYSTM:00/LNXSLPBN:00/input/input1
[    0.860290] ACPI: Sleep Button [SLPF]
[    0.866138] ACPI: Battery Slot [BAT0] (battery present)
[    0.868395] Serial: 8250/16550 driver, 32 ports, IRQ sharing enabled
[    0.900039] 00:02: ttyS0 at I/O 0x3f8 (irq = 4, base_baud = 115200) is a 16550A
[    0.906479] Linux agpgart interface v0.103
[    0.911115] loop: module loaded
[    0.916138] scsi host0: ata_piix
[    0.918956] scsi host1: ata_piix
[    0.922055] ata1: PATA max UDMA/33 cmd 0x1f0 ctl 0x3f6 bmdma 0xd000 irq 14
[    0.925401] ata2: PATA max UDMA/33 cmd 0x170 ctl 0x376 bmdma 0xd008 irq 15
[    0.931880] libphy: Fixed MDIO Bus: probed
[    0.933550] tun: Universal TUN/TAP device driver, 1.6
[    0.938447] PPP generic driver version 2.4.2
[    0.940579] ehci_hcd: USB 2.0 'Enhanced' Host Controller (EHCI) Driver
[    0.943974] ehci-pci: EHCI PCI platform driver
[    0.945831] ehci-platform: EHCI generic platform driver
[    0.948037] ohci_hcd: USB 1.1 'Open' Host Controller (OHCI) Driver
[    0.950819] ohci-pci: OHCI PCI platform driver
[    0.952490] ohci-platform: OHCI generic platform driver
[    0.954350] uhci_hcd: USB Universal Host Controller Interface driver
[    0.957164] i8042: PNP: PS/2 Controller [PNP0303:PS2K,PNP0f03:PS2M] at 0x60,0x64 irq 1,12
[    0.961707] serio: i8042 KBD port at 0x60,0x64 irq 1
[    0.964225] serio: i8042 AUX port at 0x60,0x64 irq 12
[    0.966724] mousedev: PS/2 mouse device common for all mice
[    0.969823] input: AT Translated Set 2 keyboard as /devices/platform/i8042/serio0/input/input2
[    0.974179] rtc_cmos rtc_cmos: rtc core: registered rtc_cmos as rtc0
[    0.985704] rtc_cmos rtc_cmos: alarms up to one day, 114 bytes nvram
[    0.988520] i2c /dev entries driver
[    0.990078] device-mapper: uevent: version 1.0.3
[    0.993114] device-mapper: ioctl: 4.37.0-ioctl (2017-09-20) initialised: dm-devel@redhat.com
[    0.996443] ledtrig-cpu: registered to indicate activity on CPUs
[    1.003821] NET: Registered protocol family 10
[    1.018280] Segment Routing with IPv6
[    1.022211] NET: Registered protocol family 17
[    1.023746] Key type dns_resolver registered
[    1.025579] mce: Using 0 MCE banks
[    1.026715] RAS: Correctable Errors collector initialized.
[    1.028283] sched_clock: Marking stable (1028243276, 0)->(1329114320, -300871044)
[    1.031994] registered taskstats version 1
[    1.033334] Loading compiled-in X.509 certificates
[    1.038139] Loaded X.509 cert 'Build time autogenerated kernel key: 0a1d29121daa2b7d2f161393c6dada9f3b0868f3'
[    1.042863] Loaded X.509 cert 'Canonical Ltd. Live Patch Signing: 14df34d1a87cf37625abec039ef2bf521249b969'
[    1.047067] Loaded X.509 cert 'Canonical Ltd. Kernel Module Signing: 88f752e560a1e0737e31163a466ad7b70a850c19'
[    1.050234] blacklist: Loading compiled-in revocation X.509 certificates
[    1.052843] Loaded X.509 cert 'Canonical Ltd. Secure Boot Signing: 61482aa2830d0ab2ad5af10b7250da9033ddcef0'
[    1.055986] zswap: loaded using pool lzo/zbud
[    1.063952] Key type big_key registered
[    1.066454] Key type trusted registered
[    1.072338] Key type encrypted registered
[    1.074292] AppArmor: AppArmor sha1 policy hashing enabled
[    1.076467] ima: No TPM chip found, activating TPM-bypass! (rc=-19)
[    1.078333] ima: Allocated hash algorithm: sha1
[    1.079879] evm: HMAC attrs: 0x1
[    1.081440]   Magic number: 14:794:377
[    1.082918] acpi PNP0700:00: hash matches
[    1.084545] rtc_cmos rtc_cmos: setting system clock to 2022-03-11 11:21:35 UTC (1646997695)
[    1.087400] BIOS EDD facility v0.16 2004-Jun-25, 0 devices found
[    1.089397] EDD information not available.
[    1.118992] Freeing unused kernel image memory: 2476K
[    1.136343] Write protecting the kernel read-only data: 20480k
[    1.142269] Freeing unused kernel image memory: 2008K
[    1.145611] Freeing unused kernel image memory: 1820K
[    1.156725] x86/mm: Checked W+X mappings: passed, no W+X pages found.
[    1.158963] x86/mm: Checking user space page tables
[    1.170108] x86/mm: Checked W+X mappings: passed, no W+X pages found.
Loading, please wait...
starting version 237
[    1.283229] e1000: Intel(R) PRO/1000 Network Driver - version 7.3.21-k8-NAPI
[    1.286691] e1000: Copyright (c) 1999-2006 Intel Corporation.
[    1.300066] Fusion MPT base driver 3.04.20
[    1.306912] Copyright (c) 1999-2008 LSI Corporation
[    1.321395] Fusion MPT SPI Host driver 3.04.20
[    1.533019] input: ImExPS/2 Generic Explorer Mouse as /devices/platform/i8042/serio1/input/input4
[    1.772501] e1000 0000:00:03.0 eth0: (PCI:33MHz:32-bit) 02:3c:f7:6e:ce:46
[    1.775117] e1000 0000:00:03.0 eth0: Intel(R) PRO/1000 Network Connection
[    2.220708] e1000 0000:00:08.0 eth1: (PCI:33MHz:32-bit) 08:00:27:99:31:6c
[    2.222913] e1000 0000:00:08.0 eth1: Intel(R) PRO/1000 Network Connection
[    2.226774] e1000 0000:00:03.0 enp0s3: renamed from eth0
[    2.228833] mptbase: ioc0: Initiating bringup
[    2.246594] e1000 0000:00:08.0 enp0s8: renamed from eth1
[    2.816170] ioc0: LSI53C1030 A0: Capabilities={Initiator}
[    5.188222] scsi host2: ioc0: LSI53C1030 A0, FwRev=00000000h, Ports=1, MaxQ=256, IRQ=20
[    6.846712] scsi 2:0:0:0: Direct-Access     VBOX     HARDDISK         1.0  PQ: 0 ANSI: 5
[    7.860461] scsi target2:0:0: Beginning Domain Validation
[    7.863552] scsi target2:0:0: Domain Validation skipping write tests
[    7.865634] scsi target2:0:0: Ending Domain Validation
[    7.867431] scsi target2:0:0: asynchronous
[    7.869346] scsi 2:0:1:0: Direct-Access     VBOX     HARDDISK         1.0  PQ: 0 ANSI: 5
[    8.376817] scsi target2:0:1: Beginning Domain Validation
[    8.381420] random: fast init done
[    8.383498] scsi target2:0:1: Domain Validation skipping write tests
[    8.386057] scsi target2:0:1: Ending Domain Validation
[    8.388103] scsi target2:0:1: asynchronous
[    8.394668] random: systemd-udevd: uninitialized urandom read (16 bytes read)
[    8.394743] sd 2:0:0:0: Attached scsi generic sg0 type 0
[    8.397240] random: systemd-udevd: uninitialized urandom read (16 bytes read)
[    8.399656] sd 2:0:1:0: [sdb] 20480 512-byte logical blocks: (10.5 MB/10.0 MiB)
[    8.401558] random: systemd-udevd: uninitialized urandom read (16 bytes read)
[    8.404464] sd 2:0:1:0: [sdb] Write Protect is off
[    8.407735] sd 2:0:1:0: Attached scsi generic sg1 type 0
[    8.410332] sd 2:0:0:0: [sda] 83886080 512-byte logical blocks: (42.9 GB/40.0 GiB)
[    8.410385] sd 2:0:1:0: [sdb] Incomplete mode parameter data
[    8.414763] sd 2:0:1:0: [sdb] Assuming drive cache: write through
[    8.414784] sd 2:0:0:0: [sda] Write Protect is off
[    8.419074] sd 2:0:0:0: [sda] Incomplete mode parameter data
[    8.421004] sd 2:0:0:0: [sda] Assuming drive cache: write through
[    8.453748]  sda: sda1
[    8.456400] sd 2:0:1:0: [sdb] Attached SCSI disk
[    8.461177] sd 2:0:0:0: [sda] Attached SCSI disk
Begin: Loading essential drivers ... [   10.172431] raid6: sse2x1   gen()  5155 MB/s
[   10.222149] raid6: sse2x1   xor()  3563 MB/s
[   10.274098] raid6: sse2x2   gen()  7476 MB/s
[   10.326196] raid6: sse2x2   xor()  4389 MB/s
[   10.382104] raid6: sse2x4   gen() 10891 MB/s
[   10.434087] raid6: sse2x4   xor()  7256 MB/s
[   10.436107] raid6: using algorithm sse2x4 gen() 10891 MB/s
[   10.438379] raid6: .... xor() 7256 MB/s, rmw enabled
[   10.440256] raid6: using ssse3x2 recovery algorithm
[   10.445733] xor: automatically using best checksumming function   avx       
[   10.450181] async_tx: api initialized (async)
done.
Begin: Running /scripts/init-premount ... done.
Begin: Mounting root file system ... Begin: Running /scripts/local-top ... done.
Begin: Running /scripts/local-premount ... [   10.537647] Btrfs loaded, crc32c=crc32c-intel
Scanning for Btrfs filesystems
done.
Warning: fsck not present, so skipping root file system
[   10.718846] EXT4-fs (sda1): mounted filesystem with ordered data mode. Opts: (null)
done.
Begin: Running /scripts/local-bottom ... done.
Begin: Running /scripts/init-bottom ... done.
[   11.080814] ip_tables: (C) 2000-2006 Netfilter Core Team
[   11.105592] systemd[1]: systemd 237 running in system mode. (+PAM +AUDIT +SELINUX +IMA +APPARMOR +SMACK +SYSVINIT +UTMP +LIBCRYPTSETUP +GCRYPT +GNUTLS +ACL +XZ +LZ4 +SECCOMP +BLKID +ELFUTILS +KMOD -IDN2 +IDN -PCRE2 default-hierarchy=hybrid)
[   11.115398] systemd[1]: Detected virtualization oracle.
[   11.117391] systemd[1]: Detected architecture x86-64.

Welcome to [1mUbuntu 18.04.6 LTS[0m!

[   11.143702] systemd[1]: Set hostname to <ubuntu>.
[   11.155178] systemd[1]: Initializing machine ID from random generator.
[   11.157727] systemd[1]: Installed transient /etc/machine-id file.
[   11.994983] systemd[1]: Reached target User and Group Name Lookups.
[[0;32m  OK  [0m] Reached target User and Group Name Lookups.
[   12.001841] systemd[1]: Reached target System Time Synchronized.
[[0;32m  OK  [0m] Reached target System Time Synchronized.
[   12.007853] systemd[1]: Started Forward Password Requests to Wall Directory Watch.
[[0;32m  OK  [0m] Started Forward Password Requests to Wall Directory Watch.
[   12.023710] systemd[1]: Created slice System Slice.
[[0;32m  OK  [0m] Created slice System Slice.
[[0;32m  OK  [0m] Listening on /dev/initctl Compatibility Named Pipe.
[[0;32m  OK  [0m] Listening on Network Service Netlink Socket.
[[0;32m  OK  [0m] Listening on udev Kernel Socket.
[[0;32m  OK  [0m] Listening on LVM2 metadata daemon socket.
[[0;32m  OK  [0m] Created slice system-serial\x2dgetty.slice.
[[0;32m  OK  [0m] Created slice User and Session Slice.
[[0;32m  OK  [0m] Reached target Slices.
[[0;32m  OK  [0m] Listening on LVM2 poll daemon socket.
[[0;32m  OK  [0m] Listening on Journal Socket.
         Mounting Kernel Debug File System...
         Starting Create list of required st…ce nodes for the current kernel...
         Mounting Huge Pages File System...
         Starting Uncomplicated firewall...
         Starting Load Kernel Modules...
         Starting Set the console keyboard layout...
[[0;32m  OK  [0m] Listening on Syslog Socket.
[[0;32m  OK  [0m] Listening on udev Control Socket.
         Starting udev Coldplug all Devices...
         Mounting POSIX Message Queue File System...
[[0;32m  OK  [0m] Listening on fsck to fsckd communication Socket.
         Starting File System Check on Root Device...
[[0;32m  OK  [0m] Reached target Swap.
[[0;32m  OK  [0m] Listening on Journal Socket (/dev/log).
[[0;32m  OK  [0m] Set up automount Arbitrary Executab…rmats File System Automount Point.
[   12.370985] Loading iSCSI transport class v2.0-870.
[   12.384384] iscsi: registered transport (tcp)
[[0;32m  OK  [0m] Listening on Journal Audit Socket.
         Starting Journal Service...
[[0;32m  OK  [0m] Listening on Device-mapper event daemon FIFOs.
         Starting Monitoring of LVM2 mirrors…ng dmeventd or progress polling...
[[0;32m  OK  [0m] Mounted Kernel Debug File System.
[[0;32m  OK  [0m] Started Create list of required sta…vice nodes for the current kernel.
[[0;32m  OK  [0m] Mounted Huge Pages File System.
[[0;32m  OK  [0m] Started Uncomplicated firewall.
[   12.464183] iscsi: registered transport (iser)
[[0;32m  OK  [0m] Started Load Kernel Modules.
[[0;32m  OK  [0m] Mounted POSIX Message Queue File System.
[[0;32m  OK  [0m] Started File System Check Daemon to report status.
         Mounting Kernel Configuration File System...
         Starting Apply Kernel Variables...
         Mounting FUSE Control File System...
         Starting Create Static Device Nodes in /dev...
[[0;32m  OK  [0m] Started File System Check on Root Device.
[[0;32m  OK  [0m] Mounted Kernel Configuration File System.
[[0;32m  OK  [0m] Mounted FUSE Control File System.
         Starting Remount Root and Kernel File Systems...
[[0;32m  OK  [0m] Started LVM2 metadata daemon.
[[0;32m  OK  [0m] Started udev Coldplug all Devices.
[[0;32m  OK  [0m] Started Journal Service.
[[0;32m  OK  [0m] Started Create Static Device Nodes in /dev.
[[0;32m  OK  [0m] Started Apply Kernel Variables.
[[0;32m  OK  [0m] Started Remount Root and Kernel File Systems.
         Starting Load/Save Random Seed...
         Starting Flush Journal to Persistent Storage...
         Starting udev Kernel Device Manager...
[[0;32m  OK  [0m] Started Load/Save Random Seed.
[[0;32m  OK  [0m] Started udev Kernel Device Manager.
[[0;32m  OK  [0m] Started Monitoring of LVM2 mirrors,…sing dmeventd or progress polling.
[[0;32m  OK  [0m] Started Flush Journal to Persistent Storage.
[[0;32m  OK  [0m] Found device /dev/ttyS0.
[[0;32m  OK  [0m] Listening on Load/Save RF Kill Switch Status /dev/rfkill Watch.
[[0;32m  OK  [0m] Started Set the console keyboard layout.
[[0;32m  OK  [0m] Reached target Local File Systems (Pre).
[[0;32m  OK  [0m] Reached target Local File Systems.
         Starting ebtables ruleset management...
         Starting Tell Plymouth To Write Out Runtime Data...
         Starting Commit a transient machine-id on disk...
         Starting Set console font and keymap...
         Starting Create Volatile Files and Directories...
         Starting AppArmor initialization...
[[0;32m  OK  [0m] Started Dispatch Password Requests to Console Directory Watch.
[[0;32m  OK  [0m] Reached target Local Encrypted Volumes.
[[0;32m  OK  [0m] Started Set console font and keymap.
[[0;32m  OK  [0m] Started Commit a transient machine-id on disk.
[[0;32m  OK  [0m] Started ebtables ruleset management.
[[0;32m  OK  [0m] Started Tell Plymouth To Write Out Runtime Data.
[[0;32m  OK  [0m] Started Create Volatile Files and Directories.
         Starting Update UTMP about System Boot/Shutdown...
[[0;32m  OK  [0m] Started Update UTMP about System Boot/Shutdown.
[[0;32m  OK  [0m] Started AppArmor initialization.
         Starting Initial cloud-init job (pre-networking)...
         Starting Load AppArmor profiles managed internally by snapd...
[[0;32m  OK  [0m] Started Load AppArmor profiles managed internally by snapd.
[   19.683108] cloud-init[585]: Cloud-init v. 21.4-0ubuntu1~18.04.1 running 'init-local' at Fri, 11 Mar 2022 11:21:53 +0000. Up 18.97 seconds.
[[0;32m  OK  [0m] Started Initial cloud-init job (pre-networking).
[[0;32m  OK  [0m] Reached target Network (Pre).
         Starting Network Service...
[[0;32m  OK  [0m] Started Network Service.
         Starting Wait for Network to be Configured...
         Starting Network Name Resolution...
[[0;32m  OK  [0m] Started Network Name Resolution.
[[0;32m  OK  [0m] Reached target Network.
[[0;32m  OK  [0m] Reached target Host and Network Name Lookups.
[[0;32m  OK  [0m] Started Wait for Network to be Configured.
         Starting Initial cloud-init job (metadata service crawler)...
[   22.384706] cloud-init[718]: Cloud-init v. 21.4-0ubuntu1~18.04.1 running 'init' at Fri, 11 Mar 2022 11:21:56 +0000. Up 22.15 seconds.
[   22.387591] cloud-init[718]: ci-info: ++++++++++++++++++++++++++++++++++++++Net device info+++++++++++++++++++++++++++++++++++++++
[   22.389516] cloud-init[718]: ci-info: +--------+-------+----------------------------+---------------+--------+-------------------+
[   22.392277] cloud-init[718]: ci-info: | Device |   Up  |          Address           |      Mask     | Scope  |     Hw-Address    |
[   22.394890] cloud-init[718]: ci-info: +--------+-------+----------------------------+---------------+--------+-------------------+
[   22.397372] cloud-init[718]: ci-info: | enp0s3 |  True |         10.0.2.15          | 255.255.255.0 | global | 02:3c:f7:6e:ce:46 |
[   22.400192] cloud-init[718]: ci-info: | enp0s3 |  True | fe80::3c:f7ff:fe6e:ce46/64 |       .       |  link  | 02:3c:f7:6e:ce:46 |
[   22.412331] cloud-init[718]: ci-info: | enp0s8 | False |             .              |       .       |   .    | 08:00:27:99:31:6c |
[   22.414934] cloud-init[718]: ci-info: |   lo   |  True |         127.0.0.1          |   255.0.0.0   |  host  |         .         |
[   22.417818] cloud-init[718]: ci-info: |   lo   |  True |          ::1/128           |       .       |  host  |         .         |
[   22.421562] cloud-init[718]: ci-info: +--------+-------+----------------------------+---------------+--------+-------------------+
[   22.424415] cloud-init[718]: ci-info: ++++++++++++++++++++++++++++Route IPv4 info+++++++++++++++++++++++++++++
[   22.426725] cloud-init[718]: ci-info: +-------+-------------+----------+-----------------+-----------+-------+
[   22.429208] cloud-init[718]: ci-info: | Route | Destination | Gateway  |     Genmask     | Interface | Flags |
[   22.431672] cloud-init[718]: ci-info: +-------+-------------+----------+-----------------+-----------+-------+
[   22.434132] cloud-init[718]: ci-info: |   0   |   0.0.0.0   | 10.0.2.2 |     0.0.0.0     |   enp0s3  |   UG  |
[   22.436668] cloud-init[718]: ci-info: |   1   |   10.0.2.0  | 0.0.0.0  |  255.255.255.0  |   enp0s3  |   U   |
[   22.439134] cloud-init[718]: ci-info: |   2   |   10.0.2.2  | 0.0.0.0  | 255.255.255.255 |   enp0s3  |   UH  |
[   22.441583] cloud-init[718]: ci-info: +-------+-------------+----------+-----------------+-----------+-------+
[   22.444188] cloud-init[718]: ci-info: +++++++++++++++++++Route IPv6 info+++++++++++++++++++
[   22.446531] cloud-init[718]: ci-info: +-------+-------------+---------+-----------+-------+
[   22.448716] cloud-init[718]: ci-info: | Route | Destination | Gateway | Interface | Flags |
[   22.450881] cloud-init[718]: ci-info: +-------+-------------+---------+-----------+-------+
[   22.453308] cloud-init[718]: ci-info: |   1   |  fe80::/64  |    ::   |   enp0s3  |   U   |
[   22.455406] cloud-init[718]: ci-info: |   3   |    local    |    ::   |   enp0s3  |   U   |
[   22.457869] cloud-init[718]: ci-info: |   4   |   ff00::/8  |    ::   |   enp0s3  |   U   |
[   22.460305] cloud-init[718]: ci-info: +-------+-------------+---------+-----------+-------+
[   23.842963] cloud-init[718]: Generating public/private rsa key pair.
[   23.862307] cloud-init[718]: Your identification has been saved in /etc/ssh/ssh_host_rsa_key.
[   23.864468] cloud-init[718]: Your public key has been saved in /etc/ssh/ssh_host_rsa_key.pub.
[   23.866705] cloud-init[718]: The key fingerprint is:
[   23.868058] cloud-init[718]: SHA256:Tr4hUkuyADyMN5y5Db5qgNM9NVVYsIkBRzaSNZfhwx8 root@ubuntu-bionic
[   23.882110] cloud-init[718]: The key's randomart image is:
[   23.898087] cloud-init[718]: +---[RSA 2048]----+
[   23.899248] cloud-init[718]: |    o=O +Bo      |
[   23.910090] cloud-init[718]: |+. o.+ O+o       |
[   23.911607] cloud-init[718]: |o+B   ..* E      |
[   23.912748] cloud-init[718]: | +.=  o  o .     |
[   23.913874] cloud-init[718]: |..+.o.o.S .      |
[   23.915069] cloud-init[718]: |+ .oo= =         |
[   23.916221] cloud-init[718]: |... o.o +        |
[   23.930086] cloud-init[718]: | o   . . o       |
[   23.942105] cloud-init[718]: |o       .        |
[   23.944375] cloud-init[718]: +----[SHA256]-----+
[   23.945733] cloud-init[718]: Generating public/private dsa key pair.
[   23.947972] cloud-init[718]: Your identification has been saved in /etc/ssh/ssh_host_dsa_key.
[   23.950297] cloud-init[718]: Your public key has been saved in /etc/ssh/ssh_host_dsa_key.pub.
[   23.952997] cloud-init[718]: The key fingerprint is:
[[   23.954742] cloud-init[718]: SHA256:EY7HFH4KMjvMl/SSEWYyzzFSyb4ggItOj3noakIqEzs root@ubuntu-bionic
[   23.955032] cloud-init[718]: The key's randomart image is:
[   23.956548] cloud-init[718]: +---[DSA 1024]----+
[0;32m  OK  [0m] Started Initial cloud-init job (metadata service crawler).
[[0;32m  OK  [0m] Reached target Network is Online.
[   23.957108] cloud-init[718]: |.   +oB.+.       |
[   23.976289] cloud-init[718]: |o    OoX .       |
[   23.977733] cloud-init[718]: |.o  o.B * .      |
[   23.978870] cloud-init[718]: |o..o.=.B +       |
[   23.979816] cloud-init[718]: |o =.=.=.S        |
[   23.981046] cloud-init[718]: |.* o o..         |
[   23.992595] cloud-init[718]: |+o.              |
[   23.994683] cloud-init[718]: |Eo               |
[   23.995981] cloud-init[718]: |*o               |
         Starting Availability of block devices...
[[0;32m  OK  [0m] Reached target Remote File Systems (Pre).
[[0;32m  OK  [0m] Reached target Remote File Systems.
[[0;32m  OK  [0m] Reached target Cloud-config availability.
[[0;32m  OK  [0m] Reached target System Initialization.
[[0;32m  OK  [0m] Started Message of the Day.
[[0;32m  OK  [0m] Listening on cloud-init hotplug hook socket.
[   24.017296] cloud-init[718]: +----[SHA256]-----+
[[0;32m  OK  [0m] Started Trigger to poll for Ubuntu …(Only enabled on GCP LTS non-pro).
[   24.062159] cloud-init[718]: Generating public/private ecdsa key pair.
[   24.066737] cloud-init[718]: Your identification has been saved in /etc/ssh/ssh_host_ecdsa_key.
[   24.069049] cloud-init[718]: Your public key has been saved in /etc/ssh/ssh_host_ecdsa_key.pub.
[   24.072009] cloud-init[718]: The key fingerprint is:
[[0;32m  OK  [0m] Started ACPI Events Check.
[   24.177918] cloud-init[718]: SHA256:8TDCmcBbGov1PsU25LrN6piSq3HJBTISEdcrK4QT2uY root@ubuntu-bionic
         Starting Socket activation for snappy daemon.
[   24.201210] cloud-init[[0;32m  OK  [0m] Listening on D-Bus System Message Bus Socket.
[718]: The key's randomart image is:
[[0;32m  OK  [0m] Listening on ACPID Listen Socket.
[[0;32m  OK  [0m] Listening on Open-iSCSI iscsid Socket.
[   24.220115] cloud-init[718]: +---[ECDSA 256]---+
[   24.238681] cloud-init[718]: |+o.o.            |
[   24.239912] cloud-init[718]: |.o  =o.o.        |
[   24.241191] cloud-init[718]: |*o.o O=++        |
[[0;32m  OK  [0m] Listening on UUID daemon activation socket.
[[0;32m  OK  [0m] Reached target Paths.
[[0;32m  OK  [0m] Started Discard unused blocks once a week.
[   24.244797] cloud-init[718]: |=+=.= ..*=       |
[   24.561950] cloud-init[718]: |.+ o.. +S..      |
[   24.563698] cloud-init[718]: |..Eo  +          |
[[0;32m  OK  [0m] Started Daily Cleanup of Temporary Directories.
[[0;32m  OK  [0m] Started Daily apt download activities.
[[0;32m  OK  [0m] Started Daily apt upgrade and clean activities.
[   24.568614] cloud-init[718]: |..+.   =         |
[   24.580343] cloud-init[718]: | oo  o. o        |
[   24.582592] cloud-init[718]: |...oo.o.         |
[   24.584286] cloud-init[718]: +----[SHA256]-----+
[   24.585875] cloud-init[718]: Generating public/private ed25519 key pair.
[   24.587305] cloud-init[718]: Your identification has been saved in /etc/ssh/ssh_host_ed25519_key.
[   24.589348] cloud-init[718]: Your public key has been saved in /etc/ssh/ssh_host_ed25519_key.pub.
[   24.594990] cloud-init[718]: The key fingerprint is:
[   24.617946] cloud-init[718]: SHA256:UqGNJwpk9PWrrMGN8c2rG5z3DR0IrkDTlJjnNwMWTNs root@ubuntu-bionic
         Starting LXD - unix socket.
[[0;32m  OK  [0m] Started Ubuntu Advantage Timer for running repeated jobs.
[[0;32m  OK  [0m] Reached target Timers.
[   24.632993] cloud-init[718]: The key's randomart image is:
[   24.649202] cloud-init[718]: +--[ED25519 256]--+
[[0;32m  OK  [0m] Started Availability of block devices.
[   24.656844] [[0;32m  OK  [0m] Listening on Socket activation for snappy daemon.
[[0;32m  OK  [0m] Listening on LXD - unix socket.
[[0;32m  OK  [0m] Reached target Sockets.
[[0;32m  OK  [0m] Reached target Basic System.
cloud-init[718]: | .+  ==o.        |
[[0;32m  OK  [0m] Started D-Bus System Message Bus.
[   24.686802] cloud-init[718]: | o .o+*B .       |
[   24.688690] cloud-init[718]: |  . ++*.E        |
[   24.690978] cloud-init[718]: |   o o.=+o .     |
[   24.698491] cloud-init[718]: |    + ..So. .    |
[   24.701080] cloud-init[718]: |   . O B   . .   |
[   24.702762] cloud-init[718]: |    + X + . .    |
[   24.704788] cloud-init[718]: |     o o o o     |
[   24.707555] cloud-init[718]: |    . oo. . .    |
[   24.715942] cloud-init[718]: +----[SHA256]-----+
         Starting Accounts Service...
[[0;32m  OK  [0m] Started Regular background program processing daemon.
         Starting LXD - container startup/shutdown...
         Starting Dispatcher daemon for systemd-networkd...
         Starting System Logging Service...
         Starting Login Service...
         Starting Pollinate to seed the pseudo random number generator...
         Starting LSB: Record successful boot for GRUB...
         Starting Permit User Sessions...
         Starting LSB: automatic crash report generation...
[[0;32m  OK  [0m] Started irqbalance daemon.
[[0;32m  OK  [0m] Started Deferred execution scheduler.
         Starting Virtualbox guest utils...
[[0;32m  OK  [0m] Started FUSE filesystem for LXC.
         Starting Snap Daemon...
[[0;32m  OK  [0m] Started System Logging Service.
[[0;32m  OK  [0m] Started Permit User Sessions.
[[0;32m  OK  [0m] Started Login Service.
[[0;32m  OK  [0m] Started Unattended Upgrades Shutdown.
         Starting Authorization Manager...
         Starting Terminate Plymouth Boot Screen...
         Starting Hold until boot process finishes up...
[[0;32m  OK  [0m] Started Hold until boot process finishes up.
         Starting Set console scheme...
[[0;32m  OK  [0m] Started Serial Getty on ttyS0.
[[0;32m  OK  [0m] Started Terminate Plymouth Boot Screen.
[[0;32m  OK  [0m] Started LXD - container startup/shutdown.
[[0;32m  OK  [0m] Started Authorization Manager.
[[0;32m  OK  [0m] Started Accounts Service.
[[0;32m  OK  [0m] Started Set console scheme.
[[0;32m  OK  [0m] Created slice system-getty.slice.
[[0;32m  OK  [0m] Started Getty on tty1.
[[0;32m  OK  [0m] Reached target Login Prompts.
[[0;32m  OK  [0m] Started LSB: automatic crash report generation.
[[0;32m  OK  [0m] Started LSB: Record successful boot for GRUB.
[[0;32m  OK  [0m] Started Virtualbox guest utils.
[[0;32m  OK  [0m] Started Dispatcher daemon for systemd-networkd.
[[0;32m  OK  [0m] Started Snap Daemon.
         Starting Wait until snapd is fully seeded...
         Starting Time & Date Service...
[[0;32m  OK  [0m] Started Time & Date Service.
[[0;32m  OK  [0m] Started Pollinate to seed the pseudo random number generator.
         Starting OpenBSD Secure Shell server...
[[0;32m  OK  [0m] Started OpenBSD Secure Shell server.
[[0;32m  OK  [0m] Created slice User Slice of vagrant.
         Starting User Manager for UID 1000...
[[0;32m  OK  [0m] Started Session 1 of user vagrant.
[[0;32m  OK  [0m] Started User Manager for UID 1000.
[[0;32m  OK  [0m] Started Wait until snapd is fully seeded.
[[0;32m  OK  [0m] Reached target Multi-User System.
[[0;32m  OK  [0m] Reached target Graphical Interface.
         Starting Update UTMP about System Runlevel Changes...
         Starting Apply the settings specified in cloud-config...
[[0;32m  OK  [0m] Started Update UTMP about System Runlevel Changes.
[   31.257028] cloud-init[1260]: Cloud-init v. 21.4-0ubuntu1~18.04.1 running 'modules:config' at Fri, 11 Mar 2022 11:22:04 +0000. Up 29.95 seconds.

Ubuntu 18.04.6 LTS ubuntu-bionic ttyS0

ubuntu-bionic login: ci-info: no authorized SSH keys fingerprints found for user ubuntu.
<14>Mar 11 11:22:06 cloud-init: #############################################################
<14>Mar 11 11:22:06 cloud-init: -----BEGIN SSH HOST KEY FINGERPRINTS-----
<14>Mar 11 11:22:06 cloud-init: 1024 SHA256:EY7HFH4KMjvMl/SSEWYyzzFSyb4ggItOj3noakIqEzs root@ubuntu-bionic (DSA)
<14>Mar 11 11:22:06 cloud-init: 256 SHA256:8TDCmcBbGov1PsU25LrN6piSq3HJBTISEdcrK4QT2uY root@ubuntu-bionic (ECDSA)
<14>Mar 11 11:22:06 cloud-init: 256 SHA256:UqGNJwpk9PWrrMGN8c2rG5z3DR0IrkDTlJjnNwMWTNs root@ubuntu-bionic (ED25519)
<14>Mar 11 11:22:06 cloud-init: 2048 SHA256:Tr4hUkuyADyMN5y5Db5qgNM9NVVYsIkBRzaSNZfhwx8 root@ubuntu-bionic (RSA)
<14>Mar 11 11:22:06 cloud-init: -----END SSH HOST KEY FINGERPRINTS-----
<14>Mar 11 11:22:06 cloud-init: #############################################################
-----BEGIN SSH HOST KEY KEYS-----
ecdsa-sha2-nistp256 AAAAE2VjZHNhLXNoYTItbmlzdHAyNTYAAAAIbmlzdHAyNTYAAABBBIw9l+yQTUcyZGwmAymmkWTMpC2oFXD7wSTJZNQlP+j+BvJ6vufwNAk4u7fiS3sR8muj1MIOUSDBv3bS84x+9Rc= root@ubuntu-bionic
ssh-ed25519 AAAAC3NzaC1lZDI1NTE5AAAAIO+HIbtGTyv8Ki5kIFRuHRUEnrEi5FIcr8gpnsdMThhV root@ubuntu-bionic
ssh-rsa AAAAB3NzaC1yc2EAAAADAQABAAABAQDOLZA916tb8MNEXmByvGRj/RKDfAJsO7VDzgakJ9uANyAtFdBdGdYcWR61DVYtKHJBc0Zz0F+N1tMCSMQpvi+xiYs4gLhPVA+4XY3QImo15rOG2nZnIofbwDpSaSF4JhKQP9Yl1YPrjHlUUTQyp192rR4akKhLt5tfXsQ+lNMMMZy2m3R+y0K+SNyPrTeyIz/A55oAI2lyHpUQ2IeitL4JDnJW7BbQUx3a/9gyEUA37E0CSY/OyPuLfWeY3xI1y/yfJCf41Z2mPhAX8IcBuMr5+1nyHq8KE+b3QWNj+n1ZeKcc6HCXmaIl8woo5qr1YewJz7ZdxVyE7mYAOM8YSDGz root@ubuntu-bionic
-----END SSH HOST KEY KEYS-----
[   32.553893] cloud-init[1390]: Cloud-init v. 21.4-0ubuntu1~18.04.1 running 'modules:final' at Fri, 11 Mar 2022 11:22:06 +0000. Up 32.16 seconds.
[   32.554068] cloud-init[1390]: ci-info: no authorized SSH keys fingerprints found for user ubuntu.
[   32.556098] cloud-init[1390]: Cloud-init v. 21.4-0ubuntu1~18.04.1 finished at Fri, 11 Mar 2022 11:22:06 +0000. Datasource DataSourceNoCloud [seed=/dev/sdb]         Stopping Authorization Manager...
[[0;32m  OK  [0m] Stopped target Timers.
[[0;32m  OK  [0m] Stopped Daily Cleanup of Temporary Directories.
[[0;32m  [[0;32m  OK  [0m] Stopped Unattended Upgrades Shutdown.
[[0;32m  OK  [0m] Stopped target Cloud-init target.
[[0;32m  OK  [0m] Stopped Execute cloud user/final scripts.
         Stopping Availability of block devices...
         Stopping Session 7 of user vagrant.
[[0;32m  OK  [0m] Closed Load/Save RF Kill Switch Status /dev/rfkill Watch.
[[0;32m  OK  [0m] Stopped Apply the settings specified in cloud-config.
[[0;32m  OK  [0m] Stopped target Cloud-config availability.
[[0;32m  OK  [0m] Stopped target Timers.
[[0;32m  OK  [0m] Stopped Daily apt upgrade and clean activities.
[[0;32m  OK  [0m] Stopped Ubuntu Advantage Timer for running repeated jobs.
[[0;32m  OK  [0m] Stopped Daily Cleanup of Temporary Directories.
[[0;32m  OK  [0m] Stopped Message of the Day.
         Stopping Authorization Manager...
         Stopping User Manager for UID 1000...
[[0;32m  OK  [0m] Stopped target Graphical Interface.
[[0;32m  OK  [0m] Stopped target Multi-User System.
         Stopping Regular background program processing daemon...
[[0;32m  OK  [0m] Stopped Wait until snapd is fully seeded.
         Stopping irqbalance daemon...
[[0;32m  OK  [0m] Stopped target Login Prompts.
         Stopping Getty on tty1...
         Stopping Serial Getty on ttyS0...
         Stopping FUSE filesystem for LXC...
         Stopping System Logging Service...
         Stopping Deferred execution scheduler...
         Stopping OpenBSD Secure Shell server...
         Stopping LSB: automatic crash report generation...
         Stopping LXD - container startup/shutdown...
         Stopping Dispatcher daemon for systemd-networkd...
         Stopping Virtualbox guest utils...
         Stopping D-Bus System Message Bus...
[[0;32m  OK  [0m] Stopped Discard unused blocks once a week.
[[0;32m  OK  [0m] Stopped target Host and Network Name Lookups.
         Stopping Network Name Resolution...
[[0;32m  OK  [0m] Stopped Daily apt download activities.
         Stopping Accounts Service...
[[0;32m  OK  [0m] Stopped target System Time Synchronized.
         Stopping LSB: Record successful boot for GRUB...
[[0;32m  OK  [0m] Unmounted /var/lib/lxcfs.
[[0;32m  OK  [0m] Stopped Network Name Resolution.
[[0;32m  OK  [0m] Stopped Deferred execution scheduler.
[[0;32m  OK  [0m] Stopped System Logging Service.
[[0;32m  OK  [0m] Stopped irqbalance daemon.
[[0;32m  OK  [0m] Stopped Dispatcher daemon for systemd-networkd.
[[0;32m  OK  [0m] Stopped Regular background program processing daemon.
[[0;32m  OK  [0m] Stopped Accounts Service.
[[0;32m  OK  [0m] Stopped Serial Getty on ttyS0.
[[0;32m  OK  [0m] Stopped Authorization Manager.
[[0;32m  OK  [0m] Stopped Getty on tty1.
[[0;32m  OK  [0m] Stopped OpenBSD Secure Shell server.
[[0;32m  OK  [0m] Stopped User Manager for UID 1000.
[[0;32m  OK  [0m] Stopped D-Bus System Message Bus.
[[0;32m  OK  [0m] Stopped FUSE filesystem for LXC.
[[0;32m  OK  [0m] Stopped Session 7 of user vagrant.
[[0;32m  OK  [0m] Removed slice User Slice of vagrant.
         Stopping Login Service...
[[0;32m  OK  [0m] Removed slice system-getty.slice.
         Stopping Permit User Sessions...
[[0;32m  OK  [0m] Removed slice system-serial\x2dgetty.slice.
         Stopping Network Service...
[[0;32m  OK  [0m] Stopped Login Service.
[[0;32m  OK  [0m] Stopped Availability of block devices.
[[0;32m  OK  [0m] Stopped LSB: automatic crash report generation.
[[0;32m  OK  [0m] Stopped Network Service.
[[0;32m  OK  [0m] Stopped LXD - container startup/shutdown.
[[0;32m  OK  [0m] Stopped Virtualbox guest utils.
[[0;32m  OK  [0m] Stopped LSB: Record successful boot for GRUB.
[[0;32m  OK  [0m] Stopped Permit User Sessions.
[[0;32m  OK  [0m] Stopped target Network (Pre).
[[0;32m  OK  [0m] Stopped target Remote File Systems.
[[0;32m  OK  [0m] Stopped target Basic System.
[[0;32m  OK  [0m] Stopped target Sockets.
[[0;32m  OK  [0m] Closed Socket activation for snappy daemon.
[[0;32m  OK  [0m] Closed Syslog Socket.
[[0;32m  OK  [0m] Closed ACPID Listen Socket.
[[0;32m  OK  [0m] Closed cloud-init hotplug hook socket.
[[0;32m  OK  [0m] Closed Open-iSCSI iscsid Socket.
[[0;32m  OK  [0m] Closed LXD - unix socket.
[[0;32m  OK  [0m] Closed UUID daemon activation socket.
[[0;32m  OK  [0m] Stopped target Slices.
[[0;32m  OK  [0m] Removed slice User and Session Slice.
[[0;32m  OK  [0m] Stopped target Paths.
[[0;32m  OK  [0m] Stopped Trigger to poll for Ubuntu …(Only enabled on GCP LTS non-pro).
[[0;32m  OK  [0m] Stopped ACPI Events Check.
[[0;32m  OK  [0m] Closed D-Bus System Message Bus Socket.
[[0;32m  OK  [0m] Stopped target System Initialization.
         Stopping Load/Save Random Seed...
[[0;32m  OK  [0m] Stopped Commit a transient machine-id on disk.
[[0;32m  OK  [0m] Stopped Apply Kernel Variables.
         Stopping Update UTMP about System Boot/Shutdown...
[[0;32m  OK  [0m] Stopped target Local Encrypted Volumes.
[[0;32m  OK  [0m] Stopped Dispatch Password Requests to Console Directory Watch.
[[0;32m  OK  [0m] Stopped Forward Password Requests to Wall Directory Watch.
[[0;32m  OK  [0m] Stopped Load Kernel Modules.
[[0;32m  OK  [0m] Stopped target User and Group Name Lookups.
[[0;32m  OK  [0m] Stopped Load/Save Random Seed.
[[0;32m  OK  [0m] Stopped Update UTMP about System Boot/Shutdown.
[[0;32m  OK  [0m] Stopped Create Volatile Files and Directories.
[[0;32m  OK  [0m] Stopped target Local File Systems.
         Unmounting /run/user/1000...
         Unmounting /vagrant...
[[0;32m  OK  [0m] Unmounted /run/user/1000.
[[0;32m  OK  [0m] Stopped target Swap.
[[0;32m  OK  [0m] Unmounted /vagrant.
[[0;32m  OK  [0m] Reached target Unmount All Filesystems.
[[0;32m  OK  [0m] Stopped target Network is Online.
[[0;32m  OK  [0m] Stopped Initial cloud-init job (metadata service crawler).
[[0;32m  OK  [0m] Stopped Initial cloud-init job (pre-networking).
[[0;32m  OK  [0m] Stopped target Remote File Systems (Pre).
[[0;32m  OK  [0m] Stopped target Local File Systems (Pre).
         Stopping Monitoring of LVM2 mirrors…ng dmeventd or progress polling...
[[0;32m  OK  [0m] Stopped Create Static Device Nodes in /dev.
[[0;32m  OK  [0m] Stopped Remount Root and Kernel File Systems.
[[0;32m  OK  [0m] Reached target Shutdown.
[[0;32m  OK  [0m] Reached target Final Step.
         Starting Power-Off...
[ 8634.732834] reboot: Power down
